<?xml version="1.0" encoding="UTF-8"?>
<testng-results ignored="0" total="12" passed="12" failed="0" skipped="0">
  <reporter-output>
  </reporter-output>
  <suite started-at="2025-01-18T17:53:47 IST" name="crossBrowserTesting" finished-at="2025-01-18T17:58:03 IST" duration-ms="255977">
    <groups>
      <group name="cucumber">
        <method signature="AbstractTestNGCucumberTests.runScenario(io.cucumber.testng.PickleWrapper,io.cucumber.testng.FeatureWrapper)[pri:0, instance:testRunners.TestRunner@74fe5c40]" name="runScenario" class="io.cucumber.testng.AbstractTestNGCucumberTests"/>
        <method signature="AbstractTestNGCucumberTests.runScenario(io.cucumber.testng.PickleWrapper,io.cucumber.testng.FeatureWrapper)[pri:0, instance:testRunners.TestRunner@7c7b252e]" name="runScenario" class="io.cucumber.testng.AbstractTestNGCucumberTests"/>
        <method signature="AbstractTestNGCucumberTests.runScenario(io.cucumber.testng.PickleWrapper,io.cucumber.testng.FeatureWrapper)[pri:0, instance:testRunners.TestRunner@368f2016]" name="runScenario" class="io.cucumber.testng.AbstractTestNGCucumberTests"/>
      </group> <!-- cucumber -->
    </groups>
    <test started-at="2025-01-18T17:53:47 IST" name="chromeTest" finished-at="2025-01-18T17:57:03 IST" duration-ms="196248">
      <class name="testRunners.TestRunner">
        <test-method is-config="true" signature="setBrowser(java.lang.String)[pri:0, instance:testRunners.TestRunner@74fe5c40]" started-at="2025-01-18T17:53:47 IST" name="setBrowser" finished-at="2025-01-18T17:53:47 IST" duration-ms="33" status="PASS">
          <params>
            <param index="0">
              <value>
                <![CDATA[chrome]]>
              </value>
            </param>
          </params>
          <reporter-output>
          </reporter-output>
        </test-method> <!-- setBrowser -->
        <test-method is-config="true" signature="setUpClass(org.testng.ITestContext)[pri:0, instance:testRunners.TestRunner@74fe5c40]" started-at="2025-01-18T17:53:47 IST" name="setUpClass" finished-at="2025-01-18T17:53:48 IST" duration-ms="1220" status="PASS">
          <params>
            <param index="0">
              <value>
                <![CDATA[org.testng.TestRunner@1ce24091]]>
              </value>
            </param>
          </params>
          <reporter-output>
          </reporter-output>
        </test-method> <!-- setUpClass -->
        <test-method signature="runScenario(io.cucumber.testng.PickleWrapper,io.cucumber.testng.FeatureWrapper)[pri:0, instance:testRunners.TestRunner@74fe5c40]" started-at="2025-01-18T17:53:48 IST" name="runScenario" description="Runs Cucumber Scenarios" data-provider="scenarios" finished-at="2025-01-18T17:54:41 IST" duration-ms="52764" status="PASS">
          <params>
            <param index="0">
              <value>
                <![CDATA["search with valid users"]]>
              </value>
            </param>
            <param index="1">
              <value>
                <![CDATA["Unknown"]]>
              </value>
            </param>
          </params>
          <reporter-output>
          </reporter-output>
        </test-method> <!-- runScenario -->
        <test-method signature="runScenario(io.cucumber.testng.PickleWrapper,io.cucumber.testng.FeatureWrapper)[pri:0, instance:testRunners.TestRunner@74fe5c40]" started-at="2025-01-18T17:54:41 IST" name="runScenario" description="Runs Cucumber Scenarios" data-provider="scenarios" finished-at="2025-01-18T17:55:50 IST" duration-ms="69120" status="PASS">
          <params>
            <param index="0">
              <value>
                <![CDATA["search with invalid users"]]>
              </value>
            </param>
            <param index="1">
              <value>
                <![CDATA["Unknown"]]>
              </value>
            </param>
          </params>
          <reporter-output>
          </reporter-output>
        </test-method> <!-- runScenario -->
        <test-method signature="runScenario(io.cucumber.testng.PickleWrapper,io.cucumber.testng.FeatureWrapper)[pri:0, instance:testRunners.TestRunner@74fe5c40]" started-at="2025-01-18T17:55:50 IST" name="runScenario" description="Runs Cucumber Scenarios" data-provider="scenarios" finished-at="2025-01-18T17:56:28 IST" duration-ms="38271" status="PASS">
          <params>
            <param index="0">
              <value>
                <![CDATA["login should be successful"]]>
              </value>
            </param>
            <param index="1">
              <value>
                <![CDATA["login feature"]]>
              </value>
            </param>
          </params>
          <reporter-output>
          </reporter-output>
        </test-method> <!-- runScenario -->
        <test-method signature="runScenario(io.cucumber.testng.PickleWrapper,io.cucumber.testng.FeatureWrapper)[pri:0, instance:testRunners.TestRunner@74fe5c40]" started-at="2025-01-18T17:56:28 IST" name="runScenario" description="Runs Cucumber Scenarios" data-provider="scenarios" finished-at="2025-01-18T17:57:02 IST" duration-ms="33724" status="PASS">
          <params>
            <param index="0">
              <value>
                <![CDATA["login should not be successful"]]>
              </value>
            </param>
            <param index="1">
              <value>
                <![CDATA["login feature"]]>
              </value>
            </param>
          </params>
          <reporter-output>
          </reporter-output>
        </test-method> <!-- runScenario -->
        <test-method is-config="true" signature="tearDownClass()[pri:0, instance:testRunners.TestRunner@74fe5c40]" started-at="2025-01-18T17:57:02 IST" name="tearDownClass" finished-at="2025-01-18T17:57:03 IST" duration-ms="977" status="PASS">
          <reporter-output>
          </reporter-output>
        </test-method> <!-- tearDownClass -->
      </class> <!-- testRunners.TestRunner -->
    </test> <!-- chromeTest -->
    <test started-at="2025-01-18T17:53:47 IST" name="edgeTest" finished-at="2025-01-18T17:57:46 IST" duration-ms="239324">
      <class name="testRunners.TestRunner">
        <test-method is-config="true" signature="setBrowser(java.lang.String)[pri:0, instance:testRunners.TestRunner@7c7b252e]" started-at="2025-01-18T17:53:47 IST" name="setBrowser" finished-at="2025-01-18T17:53:47 IST" duration-ms="28" status="PASS">
          <params>
            <param index="0">
              <value>
                <![CDATA[edge]]>
              </value>
            </param>
          </params>
          <reporter-output>
          </reporter-output>
        </test-method> <!-- setBrowser -->
        <test-method is-config="true" signature="setUpClass(org.testng.ITestContext)[pri:0, instance:testRunners.TestRunner@7c7b252e]" started-at="2025-01-18T17:53:47 IST" name="setUpClass" finished-at="2025-01-18T17:53:48 IST" duration-ms="1214" status="PASS">
          <params>
            <param index="0">
              <value>
                <![CDATA[org.testng.TestRunner@7a8c8dcf]]>
              </value>
            </param>
          </params>
          <reporter-output>
          </reporter-output>
        </test-method> <!-- setUpClass -->
        <test-method signature="runScenario(io.cucumber.testng.PickleWrapper,io.cucumber.testng.FeatureWrapper)[pri:0, instance:testRunners.TestRunner@7c7b252e]" started-at="2025-01-18T17:53:48 IST" name="runScenario" description="Runs Cucumber Scenarios" data-provider="scenarios" finished-at="2025-01-18T17:55:07 IST" duration-ms="78951" status="PASS">
          <params>
            <param index="0">
              <value>
                <![CDATA["search with valid users"]]>
              </value>
            </param>
            <param index="1">
              <value>
                <![CDATA["Unknown"]]>
              </value>
            </param>
          </params>
          <reporter-output>
          </reporter-output>
        </test-method> <!-- runScenario -->
        <test-method signature="runScenario(io.cucumber.testng.PickleWrapper,io.cucumber.testng.FeatureWrapper)[pri:0, instance:testRunners.TestRunner@7c7b252e]" started-at="2025-01-18T17:55:07 IST" name="runScenario" description="Runs Cucumber Scenarios" data-provider="scenarios" finished-at="2025-01-18T17:56:16 IST" duration-ms="69031" status="PASS">
          <params>
            <param index="0">
              <value>
                <![CDATA["search with invalid users"]]>
              </value>
            </param>
            <param index="1">
              <value>
                <![CDATA["Unknown"]]>
              </value>
            </param>
          </params>
          <reporter-output>
          </reporter-output>
        </test-method> <!-- runScenario -->
        <test-method signature="runScenario(io.cucumber.testng.PickleWrapper,io.cucumber.testng.FeatureWrapper)[pri:0, instance:testRunners.TestRunner@7c7b252e]" started-at="2025-01-18T17:56:16 IST" name="runScenario" description="Runs Cucumber Scenarios" data-provider="scenarios" finished-at="2025-01-18T17:57:06 IST" duration-ms="49667" status="PASS">
          <params>
            <param index="0">
              <value>
                <![CDATA["login should be successful"]]>
              </value>
            </param>
            <param index="1">
              <value>
                <![CDATA["login feature"]]>
              </value>
            </param>
          </params>
          <reporter-output>
          </reporter-output>
        </test-method> <!-- runScenario -->
        <test-method signature="runScenario(io.cucumber.testng.PickleWrapper,io.cucumber.testng.FeatureWrapper)[pri:0, instance:testRunners.TestRunner@7c7b252e]" started-at="2025-01-18T17:57:06 IST" name="runScenario" description="Runs Cucumber Scenarios" data-provider="scenarios" finished-at="2025-01-18T17:57:46 IST" duration-ms="40265" status="PASS">
          <params>
            <param index="0">
              <value>
                <![CDATA["login should not be successful"]]>
              </value>
            </param>
            <param index="1">
              <value>
                <![CDATA["login feature"]]>
              </value>
            </param>
          </params>
          <reporter-output>
          </reporter-output>
        </test-method> <!-- runScenario -->
        <test-method is-config="true" signature="tearDownClass()[pri:0, instance:testRunners.TestRunner@7c7b252e]" started-at="2025-01-18T17:57:46 IST" name="tearDownClass" finished-at="2025-01-18T17:57:46 IST" duration-ms="29" status="PASS">
          <reporter-output>
          </reporter-output>
        </test-method> <!-- tearDownClass -->
      </class> <!-- testRunners.TestRunner -->
    </test> <!-- edgeTest -->
    <test started-at="2025-01-18T17:53:47 IST" name="firefoxTest" finished-at="2025-01-18T17:58:03 IST" duration-ms="255977">
      <class name="testRunners.TestRunner">
        <test-method is-config="true" signature="setBrowser(java.lang.String)[pri:0, instance:testRunners.TestRunner@368f2016]" started-at="2025-01-18T17:53:47 IST" name="setBrowser" finished-at="2025-01-18T17:53:47 IST" duration-ms="59" status="PASS">
          <params>
            <param index="0">
              <value>
                <![CDATA[firefox]]>
              </value>
            </param>
          </params>
          <reporter-output>
          </reporter-output>
        </test-method> <!-- setBrowser -->
        <test-method is-config="true" signature="setUpClass(org.testng.ITestContext)[pri:0, instance:testRunners.TestRunner@368f2016]" started-at="2025-01-18T17:53:47 IST" name="setUpClass" finished-at="2025-01-18T17:53:48 IST" duration-ms="1225" status="PASS">
          <params>
            <param index="0">
              <value>
                <![CDATA[org.testng.TestRunner@5dda768f]]>
              </value>
            </param>
          </params>
          <reporter-output>
          </reporter-output>
        </test-method> <!-- setUpClass -->
        <test-method signature="runScenario(io.cucumber.testng.PickleWrapper,io.cucumber.testng.FeatureWrapper)[pri:0, instance:testRunners.TestRunner@368f2016]" started-at="2025-01-18T17:53:48 IST" name="runScenario" description="Runs Cucumber Scenarios" data-provider="scenarios" finished-at="2025-01-18T17:55:41 IST" duration-ms="112892" status="PASS">
          <params>
            <param index="0">
              <value>
                <![CDATA["search with valid users"]]>
              </value>
            </param>
            <param index="1">
              <value>
                <![CDATA["Unknown"]]>
              </value>
            </param>
          </params>
          <reporter-output>
          </reporter-output>
        </test-method> <!-- runScenario -->
        <test-method signature="runScenario(io.cucumber.testng.PickleWrapper,io.cucumber.testng.FeatureWrapper)[pri:0, instance:testRunners.TestRunner@368f2016]" started-at="2025-01-18T17:55:41 IST" name="runScenario" description="Runs Cucumber Scenarios" data-provider="scenarios" finished-at="2025-01-18T17:56:48 IST" duration-ms="66499" status="PASS">
          <params>
            <param index="0">
              <value>
                <![CDATA["search with invalid users"]]>
              </value>
            </param>
            <param index="1">
              <value>
                <![CDATA["Unknown"]]>
              </value>
            </param>
          </params>
          <reporter-output>
          </reporter-output>
        </test-method> <!-- runScenario -->
        <test-method signature="runScenario(io.cucumber.testng.PickleWrapper,io.cucumber.testng.FeatureWrapper)[pri:0, instance:testRunners.TestRunner@368f2016]" started-at="2025-01-18T17:56:48 IST" name="runScenario" description="Runs Cucumber Scenarios" data-provider="scenarios" finished-at="2025-01-18T17:57:36 IST" duration-ms="48943" status="PASS">
          <params>
            <param index="0">
              <value>
                <![CDATA["login should be successful"]]>
              </value>
            </param>
            <param index="1">
              <value>
                <![CDATA["login feature"]]>
              </value>
            </param>
          </params>
          <reporter-output>
          </reporter-output>
        </test-method> <!-- runScenario -->
        <test-method signature="runScenario(io.cucumber.testng.PickleWrapper,io.cucumber.testng.FeatureWrapper)[pri:0, instance:testRunners.TestRunner@368f2016]" started-at="2025-01-18T17:57:36 IST" name="runScenario" description="Runs Cucumber Scenarios" data-provider="scenarios" finished-at="2025-01-18T17:58:03 IST" duration-ms="26226" status="PASS">
          <params>
            <param index="0">
              <value>
                <![CDATA["login should not be successful"]]>
              </value>
            </param>
            <param index="1">
              <value>
                <![CDATA["login feature"]]>
              </value>
            </param>
          </params>
          <reporter-output>
          </reporter-output>
        </test-method> <!-- runScenario -->
        <test-method is-config="true" signature="tearDownClass()[pri:0, instance:testRunners.TestRunner@368f2016]" started-at="2025-01-18T17:58:03 IST" name="tearDownClass" finished-at="2025-01-18T17:58:03 IST" duration-ms="42" status="PASS">
          <reporter-output>
          </reporter-output>
        </test-method> <!-- tearDownClass -->
      </class> <!-- testRunners.TestRunner -->
    </test> <!-- firefoxTest -->
  </suite> <!-- crossBrowserTesting -->
</testng-results>
