<?xml version="1.0" encoding="UTF-8"?>
<testsuite xmlns:xsi="http://www.w3.org/2001/XMLSchema-instance" xsi:noNamespaceSchemaLocation="https://maven.apache.org/surefire/maven-surefire-plugin/xsd/surefire-test-report.xsd" version="3.0.2" name="testRunners.TestRunner" time="105.575" tests="4" errors="0" skipped="0" failures="0">
  <properties>
[...]
</properties>
  <testcase name="runScenario[&quot;search with valid users&quot;, &quot;Unknown&quot;](1)" classname="testRunners.TestRunner" time="49.831">
    <system-out><![CDATA[
@smoke
Scenario Outline: search with valid users            # src/test/java/features/SearchUsers.feature:17
  Given user launches the application                # stepDefinitions.LoginSteps.userLaunchesTheApplication()
  And user enters the credentials "Admin" "admin123" # stepDefinitions.LoginSteps.userEntersTheCredentials(java.lang.String,java.lang.String)
  When user clicks login button                      # stepDefinitions.LoginSteps.userClicksLoginButton()
  And user clicks the admin button                   # stepDefinitions.SearchUsersSteps.userClicksTheAdminButton()
  And user enters the username "Admin"               # stepDefinitions.SearchUsersSteps.userEntersTheUsername(java.lang.String)
  When user clicks the search button                 # stepDefinitions.SearchUsersSteps.userClicksTheSearchButton()
  Then record should appear                          # stepDefinitions.SearchUsersSteps.recordShouldAppear()
  And user should logout                             # stepDefinitions.LoginSteps.userShouldLogout()
]]></system-out>
    <system-err><![CDATA[SLF4J: Failed to load class "org.slf4j.impl.StaticLoggerBinder".
SLF4J: Defaulting to no-operation (NOP) logger implementation
SLF4J: See http://www.slf4j.org/codes.html#StaticLoggerBinder for further details.
Jan 18, 2025 9:14:52 AM org.openqa.selenium.devtools.CdpVersionFinder findNearestMatch
WARNING: Unable to find an exact match for CDP version 132, returning the closest version; found: 131; Please update to a Selenium version that supports CDP version 132
]]></system-err>
  </testcase>
  <testcase name="runScenario[&quot;search with invalid users&quot;, &quot;Unknown&quot;](2)" classname="testRunners.TestRunner" time="20.879">
    <system-out><![CDATA[
@smoke
Scenario Outline: search with invalid users          # src/test/java/features/SearchUsers.feature:32
  Given user launches the application                # stepDefinitions.LoginSteps.userLaunchesTheApplication()
  And user enters the credentials "Admin" "admin123" # stepDefinitions.LoginSteps.userEntersTheCredentials(java.lang.String,java.lang.String)
  When user clicks login button                      # stepDefinitions.LoginSteps.userClicksLoginButton()
  And user clicks the admin button                   # stepDefinitions.SearchUsersSteps.userClicksTheAdminButton()
  And user enters the username "assdasdasd"          # stepDefinitions.SearchUsersSteps.userEntersTheUsername(java.lang.String)
  When user clicks the search button                 # stepDefinitions.SearchUsersSteps.userClicksTheSearchButton()
  Then no record should appear                       # stepDefinitions.SearchUsersSteps.noRecordShouldAppear()
  And user should logout                             # stepDefinitions.LoginSteps.userShouldLogout()
]]></system-out>
    <system-err><![CDATA[Jan 18, 2025 9:15:22 AM org.openqa.selenium.devtools.CdpVersionFinder findNearestMatch
WARNING: Unable to find an exact match for CDP version 132, returning the closest version; found: 131; Please update to a Selenium version that supports CDP version 132
]]></system-err>
  </testcase>
  <testcase name="runScenario[&quot;login should be successful&quot;, &quot;login feature&quot;](3)" classname="testRunners.TestRunner" time="19.167">
    <system-out><![CDATA[
@smoke
Scenario Outline: login should be successful         # src/test/java/features/login.feature:13
  Given user launches the application                # stepDefinitions.LoginSteps.userLaunchesTheApplication()
  And user enters the credentials "Admin" "admin123" # stepDefinitions.LoginSteps.userEntersTheCredentials(java.lang.String,java.lang.String)
  When user clicks login button                      # stepDefinitions.LoginSteps.userClicksLoginButton()
  Then user should be logged in                      # stepDefinitions.LoginSteps.userShouldBeLoggedIn()
  And user should logout                             # stepDefinitions.LoginSteps.userShouldLogout()
]]></system-out>
    <system-err><![CDATA[Jan 18, 2025 9:15:43 AM org.openqa.selenium.devtools.CdpVersionFinder findNearestMatch
WARNING: Unable to find an exact match for CDP version 132, returning the closest version; found: 131; Please update to a Selenium version that supports CDP version 132
]]></system-err>
  </testcase>
  <testcase name="runScenario[&quot;login should not be successful&quot;, &quot;login feature&quot;](4)" classname="testRunners.TestRunner" time="13.283">
    <system-out><![CDATA[
@smoke
Scenario Outline: login should not be successful # src/test/java/features/login.feature:24
  Given user launches the application            # stepDefinitions.LoginSteps.userLaunchesTheApplication()
  And user enters the credentials "aaa" "bbb"    # stepDefinitions.LoginSteps.userEntersTheCredentials(java.lang.String,java.lang.String)
  When user clicks login button                  # stepDefinitions.LoginSteps.userClicksLoginButton()
  Then login should fail                         # stepDefinitions.LoginSteps.loginShouldFail()
]]></system-out>
    <system-err><![CDATA[Jan 18, 2025 9:16:02 AM org.openqa.selenium.devtools.CdpVersionFinder findNearestMatch
WARNING: Unable to find an exact match for CDP version 132, returning the closest version; found: 131; Please update to a Selenium version that supports CDP version 132
]]></system-err>
  </testcase>
</testsuite>